2020/08/13 16:44:57 main.go:17: hsajdhsajdlhas
2020/08/13 16:48:22 main.go:17: hsajdhsajdlhas
2020/08/13 16:50:06 main.go:17: hsajdhsajdlhas
2020/08/13 16:51:19 main.go:17: hsajdhsajdlhas
2020/08/13 16:52:36 main.go:17: hsajdhsajdlhas
2020/08/13 16:52:42 dep.go:58: svn cleanup passed
2020/08/13 16:52:42 dep.go:75: svn export passed
2020/08/13 16:52:42 dep.go:79: /opt/jesse/tmp/84/config/import_json_from_design.sh
2020/08/13 16:52:43 dep.go:88: import json passed
2020/08/13 16:52:43 dep.go:117: dingding webhook ret:
 {"errcode":0,"errmsg":"ok"}
2020/08/13 16:53:43 dep.go:206: sync succeed 10.1.1.43 /opt/splan/game/public/battle
2020/08/13 16:53:43 dep.go:228: ssh dial passed
2020/08/13 16:53:43 dep.go:242: ssh login passed
2020/08/13 16:53:43 dep.go:250: stop old service passed
2020/08/13 16:53:45 dep.go:258: start new service passed
2020/08/13 16:53:45 dep.go:261: dep all done
2020/08/13 16:59:54 main.go:17: hsajdhsajdlhas
2020/08/13 17:36:46 main.go:17: hsajdhsajdlhas
2020/08/13 17:36:56 api.go:488: jesse chat to dev message: 
2020/08/13 17:45:58 main.go:17: hsajdhsajdlhas
2020/08/13 17:46:07 api.go:495: jesse chat to dev message: 132132
2020/08/13 17:46:07 api.go:533: chat webhook ret:
 {"errcode":40035,"errmsg":"缺少参数 json"}
2020/08/13 17:47:21 main.go:17: hsajdhsajdlhas
2020/08/13 17:47:26 api.go:495: jesse chat to dev message: 34234
2020/08/13 17:47:26 api.go:533: chat webhook ret:
 {"errcode":0,"errmsg":"ok"}
2020/08/13 17:47:39 api.go:495: jesse chat to dev message: 随便打字
2020/08/13 17:47:39 api.go:533: chat webhook ret:
 {"errcode":0,"errmsg":"ok"}
2020/08/13 17:49:08 api.go:495: jesse chat to dev message: 2123123
2020/08/13 17:49:08 api.go:531: chat webhook ret:
 {"errcode":0,"errmsg":"ok"}
2020/08/13 17:49:12 api.go:495: jesse chat to group message: 2123123
2020/08/13 17:49:12 api.go:531: chat webhook ret:
 {"errcode":0,"errmsg":"ok"}
2020/08/13 17:49:20 api.go:495: jesse chat to group message: 2123123
2020/08/13 17:49:21 api.go:531: chat webhook ret:
 {"errcode":0,"errmsg":"ok"}
2020/08/13 17:49:39 api.go:495: jesse chat to group message: 2123123
2020/08/13 17:49:39 api.go:531: chat webhook ret:
 {"errcode":0,"errmsg":"ok"}
2020/08/13 17:50:05 api.go:495: jesse chat to group message: 
2020/08/13 17:50:05 api.go:531: chat webhook ret:
 {"errcode":400202,"errmsg":"miss param : text-\u003Econtent"}
2020/08/13 17:50:16 api.go:495: jesse chat to group message: 1
2020/08/13 17:50:16 api.go:531: chat webhook ret:
 {"errcode":0,"errmsg":"ok"}
2020/08/13 17:50:19 api.go:495: jesse chat to dev message: 2
2020/08/13 17:50:19 api.go:531: chat webhook ret:
 {"errcode":0,"errmsg":"ok"}
